Arguments: 
  C:\Program Files\nodejs\node.exe C:\Users\MMukul kumar\AppData\Roaming\npm\node_modules\yarn\bin\yarn.js

PATH: 
  C:\Program Files (x86)\Intel\iCLS Client\;C:\Program Files\Intel\iCLS Client\;C:\Windows\system32;C:\Windows;C:\Windows\System32\Wbem;C:\Windows\System32\WindowsPowerShell\v1.0\;C:\Windows\System32\OpenSSH\;C:\Program Files (x86)\Intel\Intel(R) Management Engine Components\DAL;C:\Program Files\Intel\Intel(R) Management Engine Components\DAL;C:\Program Files (x86)\Intel\Intel(R) Management Engine Components\IPT;C:\Program Files\Intel\Intel(R) Management Engine Components\IPT;C:\Program Files\Docker\Docker\resources\bin;C:\ProgramData\DockerDesktop\version-bin;C:\Program Files\Git\cmd;C:\Program Files\nodejs\;C:\Program Files\Microsoft SQL Server\150\Tools\Binn\;C:\Program Files\dotnet\;C:\Program Files\Microsoft SQL Server\Client SDK\ODBC\170\Tools\Binn\;C:\Program Files (x86)\dotnet\;C:\Users\MMukul kumar\AppData\Local\Microsoft\WindowsApps;C:\Users\MMukul kumar\AppData\Local\GitHubDesktop\bin;C:\Users\MMukul kumar\AppData\Roaming\npm;C:\Users\MMukul kumar\.dotnet\tools;C:\Users\MMukul kumar\AppData\Local\Programs\Microsoft VS Code\bin;C:\Users\MMukul kumar\.dotnet\tools

Yarn version: 
  1.22.17

Node version: 
  16.13.1

Platform: 
  win32 x64

Trace: 
  Error: getaddrinfo ENOTFOUND registry.yarnpkg.com
      at GetAddrInfoReqWrap.onlookup [as oncomplete] (node:dns:71:26)

npm manifest: 
  {
    "dependencies": {
      "@openzeppelin/contracts": "^4.5.0",
      "core-js": "^3.21.1"
    }
  }

yarn manifest: 
  No manifest

Lockfile: 
  No lockfile
